[dtpregnancy.wpengine.com/index.html]
[backblue.gif]
[fade.gif]
[index.html]
[fonts.googleapis.com/index.html]
[code.jquery.com/index.html]
[s.w.org/index.html]
[maxcdn.bootstrapcdn.com/index.html]
[dtpregnancy.wpengine.com/wp-content/plugins/woocommerce/assets/css/prettyPhoto5b21.css]
[code.jquery.com/ui/1.11.0/themes/smoothness/jquery-ui5b21.css]
[maxcdn.bootstrapcdn.com/font-awesome/4.6.3/css/font-awesome.min4698.css]
[dtpregnancy.wpengine.com/wp-content/uploads/2016/06/bg1-big.jpg]
[dtpregnancy.wpengine.com/wp-content/uploads/2016/06/logo.png]
[dtpregnancy.wpengine.com/wp-content/uploads/2016/06/bg2-big.jpg]
[dtpregnancy.wpengine.com/wp-content/uploads/2016/06/1-circle.png]
[dtpregnancy.wpengine.com/wp-content/uploads/2016/06/link1.png]
[dtpregnancy.wpengine.com/wp-content/uploads/2016/06/2-circle.png]
[dtpregnancy.wpengine.com/wp-content/uploads/2016/06/link2.png]
[dtpregnancy.wpengine.com/wp-content/uploads/2016/06/3-circle.png]
[dtpregnancy.wpengine.com/wp-content/uploads/2016/06/4-circle.png]
[dtpregnancy.wpengine.com/wp-content/uploads/2016/06/bg3-big.jpg]
[player.vimeo.com/video/32071937.html]
[dtpregnancy.wpengine.com/wp-content/plugins/woocommerce/assets/js/prettyPhoto/jquery.prettyPhoto.min005e.js]
[dtpregnancy.wpengine.com/index.html]
[fonts.googleapis.com/index.html]
[explorercanvas.googlecode.com/index.html]
[code.jquery.com/index.html]
[maxcdn.bootstrapcdn.com/'https_/www.bootstrapcdn.com/']
[maxcdn.bootstrapcdn.com/index.html]
[s.w.org/index.html]
[fonts.googleapis.com/css0f22.css]
[dtpregnancy.wpengine.com/wp-content/plugins/woocommerce/assets/fonts/star.eot]
[dtpregnancy.wpengine.com/wp-content/plugins/woocommerce/assets/fonts/star.woff]
[dtpregnancy.wpengine.com/wp-content/plugins/woocommerce/assets/fonts/stard41d.eot]
[dtpregnancy.wpengine.com/wp-content/plugins/woocommerce/assets/fonts/star.ttf]
[dtpregnancy.wpengine.com/wp-content/plugins/woocommerce/assets/fonts/star.svg]
[dtpregnancy.wpengine.com/wp-content/plugins/woocommerce/assets/fonts/WooCommerce.woff]
[dtpregnancy.wpengine.com/wp-content/plugins/woocommerce/assets/fonts/WooCommerce.eot]
[dtpregnancy.wpengine.com/wp-content/plugins/woocommerce/assets/fonts/WooCommerce.ttf]
[dtpregnancy.wpengine.com/wp-content/plugins/woocommerce/assets/fonts/WooCommerce.svg]
[dtpregnancy.wpengine.com/wp-content/plugins/woocommerce/assets/fonts/WooCommerced41d.eot]
[dtpregnancy.wpengine.com/wp-content/plugins/woocommerce/assets/css/prettyPhoto5b21.css]
[code.jquery.com/ui/1.11.0/themes/smoothness/images/animated-overlay.gif]
[code.jquery.com/ui/1.11.0/themes/smoothness/images/ui-bg_flat_75_ffffff_40x100.png]
[code.jquery.com/ui/1.11.0/themes/smoothness/images/ui-bg_highlight-soft_75_cccccc_1x100.png]
[code.jquery.com/ui/1.11.0/themes/smoothness/images/ui-bg_glass_75_e6e6e6_1x400.png]
[code.jquery.com/ui/1.11.0/themes/smoothness/images/ui-bg_glass_75_dadada_1x400.png]
[code.jquery.com/ui/1.11.0/themes/smoothness/images/ui-bg_glass_65_ffffff_1x400.png]
[code.jquery.com/ui/1.11.0/themes/smoothness/images/ui-bg_glass_55_fbf9ee_1x400.png]
[code.jquery.com/ui/1.11.0/themes/smoothness/images/ui-bg_glass_95_fef1ec_1x400.png]
[code.jquery.com/ui/1.11.0/themes/smoothness/images/ui-icons_222222_256x240.png]
[code.jquery.com/ui/1.11.0/themes/smoothness/images/ui-icons_888888_256x240.png]
[code.jquery.com/ui/1.11.0/themes/smoothness/images/ui-icons_454545_256x240.png]
[code.jquery.com/ui/1.11.0/themes/smoothness/images/ui-icons_2e83ff_256x240.png]
[code.jquery.com/ui/1.11.0/themes/smoothness/images/ui-icons_cd0a0a_256x240.png]
[code.jquery.com/ui/1.11.0/themes/smoothness/images/ui-bg_flat_0_aaaaaa_40x100.png]
[code.jquery.com/ui/1.11.0/themes/smoothness/jquery-ui5b21.css]
[maxcdn.bootstrapcdn.com/font-awesome/4.6.3/fonts/fontawesome-webfont5b62.eot]
[maxcdn.bootstrapcdn.com/font-awesome/4.6.3/fonts/fontawesome-webfontd41d.eot]
[maxcdn.bootstrapcdn.com/font-awesome/4.6.3/fonts/fontawesome-webfont5b62.woff2]
[maxcdn.bootstrapcdn.com/font-awesome/4.6.3/fonts/fontawesome-webfont5b62.woff]
[maxcdn.bootstrapcdn.com/font-awesome/4.6.3/fonts/fontawesome-webfont5b62.ttf]
[maxcdn.bootstrapcdn.com/font-awesome/4.6.3/css/font-awesome.min4698.css]
[fonts.googleapis.com/csscd70.css]
[maxcdn.bootstrapcdn.com/font-awesome/4.6.3/fonts/fontawesome-webfont5b62.svg]
[i.vimeocdn.com/video/217273113-719d05104b46051aba072dacdfacfd946a9b9dc33742c80d9599b3bb5aa12425-d228e.jpg]
[player.vimeo.com/video/32071937.html]
[fonts.googleapis.com/css0d49.css]
[maxcdn.bootstrapcdn.com/'https_/www.bootstrapcdn.com/'.html]
[dtpregnancy.wpengine.com/wp-content/plugins/woocommerce/assets/fonts/star.svg]
[dtpregnancy.wpengine.com/wp-content/plugins/woocommerce/assets/fonts/WooCommerce.svg]
[dtpregnancy.wpengine.com/wp-content/plugins/woocommerce/assets/images/icons/loader.svg]
[maxcdn.bootstrapcdn.com/font-awesome/4.6.3/fonts/fontawesome-webfont5b62.svg]
